This file contains any messages produced by compilers while
running configure, to aid debugging if configure makes a mistake.

It was created by sydneyPaternity configure 1.0.0, which was
generated by GNU Autoconf 2.69.  Invocation command line was

  $ ./configure 

## --------- ##
## Platform. ##
## --------- ##

hostname = andrena
uname -m = x86_64
uname -r = 5.4.0-99-generic
uname -s = Linux
uname -v = #112~18.04.1-Ubuntu SMP Thu Feb 3 14:09:57 UTC 2022

/usr/bin/uname -p = unknown
/bin/uname -X     = unknown

/bin/arch              = unknown
/usr/bin/arch -k       = unknown
/usr/convex/getsysinfo = unknown
/usr/bin/hostinfo      = unknown
/bin/machine           = unknown
/usr/bin/oslevel       = unknown
/bin/universe          = unknown

PATH: /home/nathaniel/.local/bin
PATH: /home/nathaniel/miniconda3/bin
PATH: /home/nathaniel/miniconda3/condabin
PATH: /home/nathaniel/perl5/bin
PATH: /home/nathaniel/.local/bin
PATH: /usr/local/sbin
PATH: /usr/local/bin
PATH: /usr/sbin
PATH: /usr/bin
PATH: /sbin
PATH: /bin
PATH: /usr/games
PATH: /usr/local/games
PATH: /snap/bin


## ----------- ##
## Core tests. ##
## ----------- ##

configure:1915: checking for C++ compiler version
configure:1924: g++ -std=gnu++14 --version >&5
g++ (Ubuntu 7.5.0-3ubuntu1~18.04) 7.5.0
Copyright (C) 2017 Free Software Foundation, Inc.
This is free software; see the source for copying conditions.  There is NO
warranty; not even for MERCHANTABILITY or FITNESS FOR A PARTICULAR PURPOSE.

configure:1935: $? = 0
configure:1924: g++ -std=gnu++14 -v >&5
Using built-in specs.
COLLECT_GCC=g++
COLLECT_LTO_WRAPPER=/usr/lib/gcc/x86_64-linux-gnu/7/lto-wrapper
OFFLOAD_TARGET_NAMES=nvptx-none
OFFLOAD_TARGET_DEFAULT=1
Target: x86_64-linux-gnu
Configured with: ../src/configure -v --with-pkgversion='Ubuntu 7.5.0-3ubuntu1~18.04' --with-bugurl=file:///usr/share/doc/gcc-7/README.Bugs --enable-languages=c,ada,c++,go,brig,d,fortran,objc,obj-c++ --prefix=/usr --with-gcc-major-version-only --program-suffix=-7 --program-prefix=x86_64-linux-gnu- --enable-shared --enable-linker-build-id --libexecdir=/usr/lib --without-included-gettext --enable-threads=posix --libdir=/usr/lib --enable-nls --enable-bootstrap --enable-clocale=gnu --enable-libstdcxx-debug --enable-libstdcxx-time=yes --with-default-libstdcxx-abi=new --enable-gnu-unique-object --disable-vtable-verify --enable-libmpx --enable-plugin --enable-default-pie --with-system-zlib --with-target-system-zlib --enable-objc-gc=auto --enable-multiarch --disable-werror --with-arch-32=i686 --with-abi=m64 --with-multilib-list=m32,m64,mx32 --enable-multilib --with-tune=generic --enable-offload-targets=nvptx-none --without-cuda-driver --enable-checking=release --build=x86_64-linux-gnu --host=x86_64-linux-gnu --target=x86_64-linux-gnu
Thread model: posix
gcc version 7.5.0 (Ubuntu 7.5.0-3ubuntu1~18.04) 
configure:1935: $? = 0
configure:1924: g++ -std=gnu++14 -V >&5
g++: error: unrecognized command line option '-V'
g++: fatal error: no input files
compilation terminated.
configure:1935: $? = 1
configure:1924: g++ -std=gnu++14 -qversion >&5
g++: error: unrecognized command line option '-qversion'; did you mean '--version'?
g++: fatal error: no input files
compilation terminated.
configure:1935: $? = 1
configure:1955: checking whether the C++ compiler works
configure:1977: g++ -std=gnu++14 -g -O2 -fdebug-prefix-map=/build/r-base-J7pprH/r-base-4.1.2=. -fstack-protector-strong -Wformat -Werror=format-security -Wdate-time -D_FORTIFY_SOURCE=2 -g   conftest.cpp  >&5
configure:1981: $? = 0
configure:2029: result: yes
configure:2032: checking for C++ compiler default output file name
configure:2034: result: a.out
configure:2040: checking for suffix of executables
configure:2047: g++ -std=gnu++14 -o conftest -g -O2 -fdebug-prefix-map=/build/r-base-J7pprH/r-base-4.1.2=. -fstack-protector-strong -Wformat -Werror=format-security -Wdate-time -D_FORTIFY_SOURCE=2 -g   conftest.cpp  >&5
configure:2051: $? = 0
configure:2073: result: 
configure:2095: checking whether we are cross compiling
configure:2103: g++ -std=gnu++14 -o conftest -g -O2 -fdebug-prefix-map=/build/r-base-J7pprH/r-base-4.1.2=. -fstack-protector-strong -Wformat -Werror=format-security -Wdate-time -D_FORTIFY_SOURCE=2 -g   conftest.cpp  >&5
configure:2107: $? = 0
configure:2114: ./conftest
configure:2118: $? = 0
configure:2133: result: no
configure:2138: checking for suffix of object files
configure:2160: g++ -std=gnu++14 -c -g -O2 -fdebug-prefix-map=/build/r-base-J7pprH/r-base-4.1.2=. -fstack-protector-strong -Wformat -Werror=format-security -Wdate-time -D_FORTIFY_SOURCE=2 -g  conftest.cpp >&5
configure:2164: $? = 0
configure:2185: result: o
configure:2189: checking whether we are using the GNU C++ compiler
configure:2208: g++ -std=gnu++14 -c -g -O2 -fdebug-prefix-map=/build/r-base-J7pprH/r-base-4.1.2=. -fstack-protector-strong -Wformat -Werror=format-security -Wdate-time -D_FORTIFY_SOURCE=2 -g  conftest.cpp >&5
configure:2208: $? = 0
configure:2217: result: yes
configure:2226: checking whether g++ -std=gnu++14 accepts -g
configure:2246: g++ -std=gnu++14 -c -g  conftest.cpp >&5
configure:2246: $? = 0
configure:2287: result: yes
configure:2316: checking how to run the C++ preprocessor
configure:2343: g++ -std=gnu++14 -E  conftest.cpp
configure:2343: $? = 0
configure:2357: g++ -std=gnu++14 -E  conftest.cpp
conftest.cpp:9:10: fatal error: ac_nonexistent.h: No such file or directory
 #include <ac_nonexistent.h>
          ^~~~~~~~~~~~~~~~~~
compilation terminated.
configure:2357: $? = 1
configure: failed program was:
| /* confdefs.h */
| #define PACKAGE_NAME "sydneyPaternity"
| #define PACKAGE_TARNAME "sydneypaternity"
| #define PACKAGE_VERSION "1.0.0"
| #define PACKAGE_STRING "sydneyPaternity 1.0.0"
| #define PACKAGE_BUGREPORT "nspope@utexas.edu"
| #define PACKAGE_URL ""
| /* end confdefs.h.  */
| #include <ac_nonexistent.h>
configure:2382: result: g++ -std=gnu++14 -E
configure:2402: g++ -std=gnu++14 -E  conftest.cpp
configure:2402: $? = 0
configure:2416: g++ -std=gnu++14 -E  conftest.cpp
conftest.cpp:9:10: fatal error: ac_nonexistent.h: No such file or directory
 #include <ac_nonexistent.h>
          ^~~~~~~~~~~~~~~~~~
compilation terminated.
configure:2416: $? = 1
configure: failed program was:
| /* confdefs.h */
| #define PACKAGE_NAME "sydneyPaternity"
| #define PACKAGE_TARNAME "sydneypaternity"
| #define PACKAGE_VERSION "1.0.0"
| #define PACKAGE_STRING "sydneyPaternity 1.0.0"
| #define PACKAGE_BUGREPORT "nspope@utexas.edu"
| #define PACKAGE_URL ""
| /* end confdefs.h.  */
| #include <ac_nonexistent.h>
configure:2558: checking for C++ compiler version
configure:2567: g++ -std=gnu++14 --version >&5
g++ (Ubuntu 7.5.0-3ubuntu1~18.04) 7.5.0
Copyright (C) 2017 Free Software Foundation, Inc.
This is free software; see the source for copying conditions.  There is NO
warranty; not even for MERCHANTABILITY or FITNESS FOR A PARTICULAR PURPOSE.

configure:2578: $? = 0
configure:2567: g++ -std=gnu++14 -v >&5
Using built-in specs.
COLLECT_GCC=g++
COLLECT_LTO_WRAPPER=/usr/lib/gcc/x86_64-linux-gnu/7/lto-wrapper
OFFLOAD_TARGET_NAMES=nvptx-none
OFFLOAD_TARGET_DEFAULT=1
Target: x86_64-linux-gnu
Configured with: ../src/configure -v --with-pkgversion='Ubuntu 7.5.0-3ubuntu1~18.04' --with-bugurl=file:///usr/share/doc/gcc-7/README.Bugs --enable-languages=c,ada,c++,go,brig,d,fortran,objc,obj-c++ --prefix=/usr --with-gcc-major-version-only --program-suffix=-7 --program-prefix=x86_64-linux-gnu- --enable-shared --enable-linker-build-id --libexecdir=/usr/lib --without-included-gettext --enable-threads=posix --libdir=/usr/lib --enable-nls --enable-bootstrap --enable-clocale=gnu --enable-libstdcxx-debug --enable-libstdcxx-time=yes --with-default-libstdcxx-abi=new --enable-gnu-unique-object --disable-vtable-verify --enable-libmpx --enable-plugin --enable-default-pie --with-system-zlib --with-target-system-zlib --enable-objc-gc=auto --enable-multiarch --disable-werror --with-arch-32=i686 --with-abi=m64 --with-multilib-list=m32,m64,mx32 --enable-multilib --with-tune=generic --enable-offload-targets=nvptx-none --without-cuda-driver --enable-checking=release --build=x86_64-linux-gnu --host=x86_64-linux-gnu --target=x86_64-linux-gnu
Thread model: posix
gcc version 7.5.0 (Ubuntu 7.5.0-3ubuntu1~18.04) 
configure:2578: $? = 0
configure:2567: g++ -std=gnu++14 -V >&5
g++: error: unrecognized command line option '-V'
g++: fatal error: no input files
compilation terminated.
configure:2578: $? = 1
configure:2567: g++ -std=gnu++14 -qversion >&5
g++: error: unrecognized command line option '-qversion'; did you mean '--version'?
g++: fatal error: no input files
compilation terminated.
configure:2578: $? = 1
configure:2582: checking whether we are using the GNU C++ compiler
configure:2610: result: yes
configure:2619: checking whether g++ -std=gnu++14 accepts -g
configure:2680: result: yes
configure:2713: checking whether we have a suitable tempdir
configure:2716: result: /tmp
configure:2720: checking whether R CMD SHLIB can already compile programs using OpenMP
configure:2740: result: yes
configure:2857: checking LAPACK_LIBS
configure:2870: result: system LAPACK found
configure:3071: creating ./config.status

## ---------------------- ##
## Running config.status. ##
## ---------------------- ##

This file was extended by sydneyPaternity config.status 1.0.0, which was
generated by GNU Autoconf 2.69.  Invocation command line was

  CONFIG_FILES    = 
  CONFIG_HEADERS  = 
  CONFIG_LINKS    = 
  CONFIG_COMMANDS = 
  $ ./config.status 

on andrena

config.status:725: creating src/Makevars

## ---------------- ##
## Cache variables. ##
## ---------------- ##

ac_cv_cxx_compiler_gnu=yes
ac_cv_env_CCC_set=
ac_cv_env_CCC_value=
ac_cv_env_CPPFLAGS_set=
ac_cv_env_CPPFLAGS_value=
ac_cv_env_CXXCPP_set=
ac_cv_env_CXXCPP_value=
ac_cv_env_CXXFLAGS_set=
ac_cv_env_CXXFLAGS_value=
ac_cv_env_CXX_set=
ac_cv_env_CXX_value=
ac_cv_env_LDFLAGS_set=
ac_cv_env_LDFLAGS_value=
ac_cv_env_LIBS_set=
ac_cv_env_LIBS_value=
ac_cv_env_build_alias_set=
ac_cv_env_build_alias_value=
ac_cv_env_host_alias_set=
ac_cv_env_host_alias_value=
ac_cv_env_target_alias_set=
ac_cv_env_target_alias_value=
ac_cv_objext=o
ac_cv_prog_CXXCPP='g++ -std=gnu++14 -E'
ac_cv_prog_cxx_g=yes

## ----------------- ##
## Output variables. ##
## ----------------- ##

ARMA_HAVE_OPENMP='#define ARMA_USE_OPENMP 1'
ARMA_LAPACK='#undef ARMA_CRIPPLED_LAPACK'
CPPFLAGS=''
CXX='g++ -std=gnu++14'
CXXCPP='g++ -std=gnu++14 -E'
CXXFLAGS='-g -O2 -fdebug-prefix-map=/build/r-base-J7pprH/r-base-4.1.2=. -fstack-protector-strong -Wformat -Werror=format-security -Wdate-time -D_FORTIFY_SOURCE=2 -g'
DEFS='-DPACKAGE_NAME=\"sydneyPaternity\" -DPACKAGE_TARNAME=\"sydneypaternity\" -DPACKAGE_VERSION=\"1.0.0\" -DPACKAGE_STRING=\"sydneyPaternity\ 1.0.0\" -DPACKAGE_BUGREPORT=\"nspope@utexas.edu\" -DPACKAGE_URL=\"\"'
ECHO_C=''
ECHO_N='-n'
ECHO_T=''
EXEEXT=''
LDFLAGS=''
LIBOBJS=''
LIBS=''
LTLIBOBJS=''
OBJEXT='o'
OPENMP_FLAG=''
PACKAGE_BUGREPORT='nspope@utexas.edu'
PACKAGE_NAME='sydneyPaternity'
PACKAGE_STRING='sydneyPaternity 1.0.0'
PACKAGE_TARNAME='sydneypaternity'
PACKAGE_URL=''
PACKAGE_VERSION='1.0.0'
PATH_SEPARATOR=':'
SHELL='/bin/bash'
ac_ct_CXX=''
bindir='${exec_prefix}/bin'
build_alias=''
datadir='${datarootdir}'
datarootdir='${prefix}/share'
docdir='${datarootdir}/doc/${PACKAGE_TARNAME}'
dvidir='${docdir}'
exec_prefix='${prefix}'
host_alias=''
htmldir='${docdir}'
includedir='${prefix}/include'
infodir='${datarootdir}/info'
libdir='${exec_prefix}/lib'
libexecdir='${exec_prefix}/libexec'
localedir='${datarootdir}/locale'
localstatedir='${prefix}/var'
mandir='${datarootdir}/man'
oldincludedir='/usr/include'
pdfdir='${docdir}'
prefix='/usr/local'
program_transform_name='s,x,x,'
psdir='${docdir}'
runstatedir='${localstatedir}/run'
sbindir='${exec_prefix}/sbin'
sharedstatedir='${prefix}/com'
sysconfdir='${prefix}/etc'
target_alias=''

## ----------- ##
## confdefs.h. ##
## ----------- ##

/* confdefs.h */
#define PACKAGE_NAME "sydneyPaternity"
#define PACKAGE_TARNAME "sydneypaternity"
#define PACKAGE_VERSION "1.0.0"
#define PACKAGE_STRING "sydneyPaternity 1.0.0"
#define PACKAGE_BUGREPORT "nspope@utexas.edu"
#define PACKAGE_URL ""

configure: exit 0
